<?xml version="1.0" encoding="UTF-8"?>
<!-- Generated by org.testng.reporters.JUnitReportReporter -->
<testsuite hostname="LAPTOP-2S3C4UNF" failures="0" tests="1" name="Demo.Test2" time="0.007" errors="0" timestamp="2023-01-09T15:47:48 IST" skipped="0">
  <testcase classname="Demo.Test2" name="m2" time="0.007"/>
  <system-out>
Hii  </system-out>
</testsuite> <!-- Demo.Test2 -->
