<?xml version="1.0" encoding="UTF-8"?>
<!-- Generated by org.testng.reporters.JUnitReportReporter -->
<testsuite hostname="LAPTOP-2S3C4UNF" failures="0" tests="1" name="Demo.Test1" time="0.001" errors="0" timestamp="2023-01-09T15:47:48 IST" skipped="0">
  <testcase classname="Demo.Test1" name="m1" time="0.001"/>
  <system-out>
Hello  </system-out>
</testsuite> <!-- Demo.Test1 -->
